<?xml version="1.0" encoding="UTF-8"?>
<testsuite xmlns:xsi="http://www.w3.org/2001/XMLSchema-instance" xsi:noNamespaceSchemaLocation="https://maven.apache.org/surefire/maven-surefire-plugin/xsd/surefire-test-report-3.0.xsd" version="3.0" name="com.aipm.ai_project_management.AiProjectManagementSoftwareApplicationTests" time="45.881" tests="1" errors="0" skipped="0" failures="0">
  <properties>
[...]
</properties>
  <testcase name="contextLoads" classname="com.aipm.ai_project_management.AiProjectManagementSoftwareApplicationTests" time="0.847">
    <system-out><![CDATA[Standard Commons Logging discovery in action with spring-jcl: please remove commons-logging.jar from classpath in order to avoid potential conflicts
14:55:28.624 [main] INFO org.springframework.test.context.support.AnnotationConfigContextLoaderUtils -- Could not detect default configuration classes for test class [com.aipm.ai_project_management.AiProjectManagementSoftwareApplicationTests]: AiProjectManagementSoftwareApplicationTests does not declare any static, non-private, non-final, nested classes annotated with @Configuration.
14:55:28.797 [main] INFO org.springframework.boot.test.context.SpringBootTestContextBootstrapper -- Found @SpringBootConfiguration com.aipm.ai_project_management.AiProjectManagementSoftwareApplication for test class com.aipm.ai_project_management.AiProjectManagementSoftwareApplicationTests
14:55:29.111 [main] INFO org.springframework.boot.devtools.restart.RestartApplicationListener -- Restart disabled due to context in which it is running

  .   ____          _            __ _ _
 /\\ / ___'_ __ _ _(_)_ __  __ _ \ \ \ \
( ( )\___ | '_ | '_| | '_ \/ _` | \ \ \ \
 \\/  ___)| |_)| | | | | || (_| |  ) ) ) )
  '  |____| .__|_| |_|_| |_\__, | / / / /
 =========|_|==============|___/=/_/_/_/
 :: Spring Boot ::                (v3.1.5)

2025-08-06T14:55:29.503+05:30  INFO 20308 --- [           main] rojectManagementSoftwareApplicationTests : Starting AiProjectManagementSoftwareApplicationTests using Java 17.0.11 with PID 20308 (started by Sk190 in S:\Deploy\ai-project-management_deploy)
2025-08-06T14:55:29.503+05:30 DEBUG 20308 --- [           main] rojectManagementSoftwareApplicationTests : Running with Spring Boot v3.1.5, Spring v6.0.13
2025-08-06T14:55:29.503+05:30  INFO 20308 --- [           main] rojectManagementSoftwareApplicationTests : No active profile set, falling back to 1 default profile: "default"
2025-08-06T14:55:29.563+05:30 DEBUG 20308 --- [           main] o.s.w.c.s.GenericWebApplicationContext   : Refreshing org.springframework.web.context.support.GenericWebApplicationContext@7dd712e8
2025-08-06T14:55:31.076+05:30  INFO 20308 --- [           main] .s.d.r.c.RepositoryConfigurationDelegate : Multiple Spring Data modules found, entering strict repository configuration mode
2025-08-06T14:55:31.076+05:30  INFO 20308 --- [           main] .s.d.r.c.RepositoryConfigurationDelegate : Bootstrapping Spring Data JPA repositories in DEFAULT mode.
2025-08-06T14:55:31.107+05:30  INFO 20308 --- [           main] .s.d.r.c.RepositoryConfigurationDelegate : Finished Spring Data repository scanning in 8 ms. Found 0 JPA repository interfaces.
2025-08-06T14:55:31.138+05:30  INFO 20308 --- [           main] .s.d.r.c.RepositoryConfigurationDelegate : Multiple Spring Data modules found, entering strict repository configuration mode
2025-08-06T14:55:31.138+05:30  INFO 20308 --- [           main] .s.d.r.c.RepositoryConfigurationDelegate : Bootstrapping Spring Data JPA repositories in DEFAULT mode.
2025-08-06T14:55:31.470+05:30  INFO 20308 --- [           main] .s.d.r.c.RepositoryConfigurationDelegate : Finished Spring Data repository scanning in 340 ms. Found 25 JPA repository interfaces.
2025-08-06T14:55:32.221+05:30  INFO 20308 --- [           main] .s.d.r.c.RepositoryConfigurationDelegate : Multiple Spring Data modules found, entering strict repository configuration mode
2025-08-06T14:55:32.221+05:30  INFO 20308 --- [           main] .s.d.r.c.RepositoryConfigurationDelegate : Bootstrapping Spring Data Redis repositories in DEFAULT mode.
2025-08-06T14:55:32.284+05:30  INFO 20308 --- [           main] .RepositoryConfigurationExtensionSupport : Spring Data Redis - Could not safely identify store assignment for repository candidate interface com.aipm.ai_project_management.modules.ai.repository.AiAutomationRuleRepository; If you want this repository to be a Redis repository, consider annotating your entities with one of these annotations: org.springframework.data.redis.core.RedisHash (preferred), or consider extending one of the following types with your repository: org.springframework.data.keyvalue.repository.KeyValueRepository
2025-08-06T14:55:32.284+05:30  INFO 20308 --- [           main] .RepositoryConfigurationExtensionSupport : Spring Data Redis - Could not safely identify store assignment for repository candidate interface com.aipm.ai_project_management.modules.ai.repository.AiInsightRepository; If you want this repository to be a Redis repository, consider annotating your entities with one of these annotations: org.springframework.data.redis.core.RedisHash (preferred), or consider extending one of the following types with your repository: org.springframework.data.keyvalue.repository.KeyValueRepository
2025-08-06T14:55:32.284+05:30  INFO 20308 --- [           main] .RepositoryConfigurationExtensionSupport : Spring Data Redis - Could not safely identify store assignment for repository candidate interface com.aipm.ai_project_management.modules.ai.repository.AiPredictionRepository; If you want this repository to be a Redis repository, consider annotating your entities with one of these annotations: org.springframework.data.redis.core.RedisHash (preferred), or consider extending one of the following types with your repository: org.springframework.data.keyvalue.repository.KeyValueRepository
2025-08-06T14:55:32.284+05:30  INFO 20308 --- [           main] .RepositoryConfigurationExtensionSupport : Spring Data Redis - Could not safely identify store assignment for repository candidate interface com.aipm.ai_project_management.modules.auth.repository.PasswordResetTokenRepository; If you want this repository to be a Redis repository, consider annotating your entities with one of these annotations: org.springframework.data.redis.core.RedisHash (preferred), or consider extending one of the following types with your repository: org.springframework.data.keyvalue.repository.KeyValueRepository
2025-08-06T14:55:32.284+05:30  INFO 20308 --- [           main] .RepositoryConfigurationExtensionSupport : Spring Data Redis - Could not safely identify store assignment for repository candidate interface com.aipm.ai_project_management.modules.auth.repository.SessionRepository; If you want this repository to be a Redis repository, consider annotating your entities with one of these annotations: org.springframework.data.redis.core.RedisHash (preferred), or consider extending one of the following types with your repository: org.springframework.data.keyvalue.repository.KeyValueRepository
2025-08-06T14:55:32.284+05:30  INFO 20308 --- [           main] .RepositoryConfigurationExtensionSupport : Spring Data Redis - Could not safely identify store assignment for repository candidate interface com.aipm.ai_project_management.modules.auth.repository.UserRepository; If you want this repository to be a Redis repository, consider annotating your entities with one of these annotations: org.springframework.data.redis.core.RedisHash (preferred), or consider extending one of the following types with your repository: org.springframework.data.keyvalue.repository.KeyValueRepository
2025-08-06T14:55:32.284+05:30  INFO 20308 --- [           main] .RepositoryConfigurationExtensionSupport : Spring Data Redis - Could not safely identify store assignment for repository candidate interface com.aipm.ai_project_management.modules.clients.repository.ClientAddressRepository; If you want this repository to be a Redis repository, consider annotating your entities with one of these annotations: org.springframework.data.redis.core.RedisHash (preferred), or consider extending one of the following types with your repository: org.springframework.data.keyvalue.repository.KeyValueRepository
2025-08-06T14:55:32.284+05:30  INFO 20308 --- [           main] .RepositoryConfigurationExtensionSupport : Spring Data Redis - Could not safely identify store assignment for repository candidate interface com.aipm.ai_project_management.modules.clients.repository.ClientContactRepository; If you want this repository to be a Redis repository, consider annotating your entities with one of these annotations: org.springframework.data.redis.core.RedisHash (preferred), or consider extending one of the following types with your repository: org.springframework.data.keyvalue.repository.KeyValueRepository
2025-08-06T14:55:32.284+05:30  INFO 20308 --- [           main] .RepositoryConfigurationExtensionSupport : Spring Data Redis - Could not safely identify store assignment for repository candidate interface com.aipm.ai_project_management.modules.clients.repository.ClientCustomFieldRepository; If you want this repository to be a Redis repository, consider annotating your entities with one of these annotations: org.springframework.data.redis.core.RedisHash (preferred), or consider extending one of the following types with your repository: org.springframework.data.keyvalue.repository.KeyValueRepository
2025-08-06T14:55:32.284+05:30  INFO 20308 --- [           main] .RepositoryConfigurationExtensionSupport : Spring Data Redis - Could not safely identify store assignment for repository candidate interface com.aipm.ai_project_management.modules.clients.repository.ClientRepository; If you want this repository to be a Redis repository, consider annotating your entities with one of these annotations: org.springframework.data.redis.core.RedisHash (preferred), or consider extending one of the following types with your repository: org.springframework.data.keyvalue.repository.KeyValueRepository
2025-08-06T14:55:32.284+05:30  INFO 20308 --- [           main] .RepositoryConfigurationExtensionSupport : Spring Data Redis - Could not safely identify store assignment for repository candidate interface com.aipm.ai_project_management.modules.projects.repository.ProjectDocumentRepository; If you want this repository to be a Redis repository, consider annotating your entities with one of these annotations: org.springframework.data.redis.core.RedisHash (preferred), or consider extending one of the following types with your repository: org.springframework.data.keyvalue.repository.KeyValueRepository
2025-08-06T14:55:32.299+05:30  INFO 20308 --- [           main] .RepositoryConfigurationExtensionSupport : Spring Data Redis - Could not safely identify store assignment for repository candidate interface com.aipm.ai_project_management.modules.projects.repository.ProjectMilestoneRepository; If you want this repository to be a Redis repository, consider annotating your entities with one of these annotations: org.springframework.data.redis.core.RedisHash (preferred), or consider extending one of the following types with your repository: org.springframework.data.keyvalue.repository.KeyValueRepository
2025-08-06T14:55:32.299+05:30  INFO 20308 --- [           main] .RepositoryConfigurationExtensionSupport : Spring Data Redis - Could not safely identify store assignment for repository candidate interface com.aipm.ai_project_management.modules.projects.repository.ProjectRepository; If you want this repository to be a Redis repository, consider annotating your entities with one of these annotations: org.springframework.data.redis.core.RedisHash (preferred), or consider extending one of the following types with your repository: org.springframework.data.keyvalue.repository.KeyValueRepository
2025-08-06T14:55:32.299+05:30  INFO 20308 --- [           main] .RepositoryConfigurationExtensionSupport : Spring Data Redis - Could not safely identify store assignment for repository candidate interface com.aipm.ai_project_management.modules.projects.repository.ProjectTeamMemberRepository; If you want this repository to be a Redis repository, consider annotating your entities with one of these annotations: org.springframework.data.redis.core.RedisHash (preferred), or consider extending one of the following types with your repository: org.springframework.data.keyvalue.repository.KeyValueRepository
2025-08-06T14:55:32.299+05:30  INFO 20308 --- [           main] .RepositoryConfigurationExtensionSupport : Spring Data Redis - Could not safely identify store assignment for repository candidate interface com.aipm.ai_project_management.modules.tasks.repository.SubtaskRepository; If you want this repository to be a Redis repository, consider annotating your entities with one of these annotations: org.springframework.data.redis.core.RedisHash (preferred), or consider extending one of the following types with your repository: org.springframework.data.keyvalue.repository.KeyValueRepository
2025-08-06T14:55:32.299+05:30  INFO 20308 --- [           main] .RepositoryConfigurationExtensionSupport : Spring Data Redis - Could not safely identify store assignment for repository candidate interface com.aipm.ai_project_management.modules.tasks.repository.TaskCommentRepository; If you want this repository to be a Redis repository, consider annotating your entities with one of these annotations: org.springframework.data.redis.core.RedisHash (preferred), or consider extending one of the following types with your repository: org.springframework.data.keyvalue.repository.KeyValueRepository
2025-08-06T14:55:32.299+05:30  INFO 20308 --- [           main] .RepositoryConfigurationExtensionSupport : Spring Data Redis - Could not safely identify store assignment for repository candidate interface com.aipm.ai_project_management.modules.tasks.repository.TaskDependencyRepository; If you want this repository to be a Redis repository, consider annotating your entities with one of these annotations: org.springframework.data.redis.core.RedisHash (preferred), or consider extending one of the following types with your repository: org.springframework.data.keyvalue.repository.KeyValueRepository
2025-08-06T14:55:32.299+05:30  INFO 20308 --- [           main] .RepositoryConfigurationExtensionSupport : Spring Data Redis - Could not safely identify store assignment for repository candidate interface com.aipm.ai_project_management.modules.tasks.repository.TaskRepository; If you want this repository to be a Redis repository, consider annotating your entities with one of these annotations: org.springframework.data.redis.core.RedisHash (preferred), or consider extending one of the following types with your repository: org.springframework.data.keyvalue.repository.KeyValueRepository
2025-08-06T14:55:32.299+05:30  INFO 20308 --- [           main] .RepositoryConfigurationExtensionSupport : Spring Data Redis - Could not safely identify store assignment for repository candidate interface com.aipm.ai_project_management.modules.tasks.repository.TimeTrackingRepository; If you want this repository to be a Redis repository, consider annotating your entities with one of these annotations: org.springframework.data.redis.core.RedisHash (preferred), or consider extending one of the following types with your repository: org.springframework.data.keyvalue.repository.KeyValueRepository
2025-08-06T14:55:32.299+05:30  INFO 20308 --- [           main] .RepositoryConfigurationExtensionSupport : Spring Data Redis - Could not safely identify store assignment for repository candidate interface com.aipm.ai_project_management.modules.team.repository.TeamMemberRepository; If you want this repository to be a Redis repository, consider annotating your entities with one of these annotations: org.springframework.data.redis.core.RedisHash (preferred), or consider extending one of the following types with your repository: org.springframework.data.keyvalue.repository.KeyValueRepository
2025-08-06T14:55:32.299+05:30  INFO 20308 --- [           main] .RepositoryConfigurationExtensionSupport : Spring Data Redis - Could not safely identify store assignment for repository candidate interface com.aipm.ai_project_management.modules.team.repository.TeamRepository; If you want this repository to be a Redis repository, consider annotating your entities with one of these annotations: org.springframework.data.redis.core.RedisHash (preferred), or consider extending one of the following types with your repository: org.springframework.data.keyvalue.repository.KeyValueRepository
2025-08-06T14:55:32.299+05:30  INFO 20308 --- [           main] .RepositoryConfigurationExtensionSupport : Spring Data Redis - Could not safely identify store assignment for repository candidate interface com.aipm.ai_project_management.modules.team.repository.UserCertificationRepository; If you want this repository to be a Redis repository, consider annotating your entities with one of these annotations: org.springframework.data.redis.core.RedisHash (preferred), or consider extending one of the following types with your repository: org.springframework.data.keyvalue.repository.KeyValueRepository
2025-08-06T14:55:32.299+05:30  INFO 20308 --- [           main] .RepositoryConfigurationExtensionSupport : Spring Data Redis - Could not safely identify store assignment for repository candidate interface com.aipm.ai_project_management.modules.team.repository.UserPerformanceRepository; If you want this repository to be a Redis repository, consider annotating your entities with one of these annotations: org.springframework.data.redis.core.RedisHash (preferred), or consider extending one of the following types with your repository: org.springframework.data.keyvalue.repository.KeyValueRepository
2025-08-06T14:55:32.299+05:30  INFO 20308 --- [           main] .RepositoryConfigurationExtensionSupport : Spring Data Redis - Could not safely identify store assignment for repository candidate interface com.aipm.ai_project_management.modules.team.repository.UserSkillRepository; If you want this repository to be a Redis repository, consider annotating your entities with one of these annotations: org.springframework.data.redis.core.RedisHash (preferred), or consider extending one of the following types with your repository: org.springframework.data.keyvalue.repository.KeyValueRepository
2025-08-06T14:55:32.299+05:30  INFO 20308 --- [           main] .RepositoryConfigurationExtensionSupport : Spring Data Redis - Could not safely identify store assignment for repository candidate interface com.aipm.ai_project_management.modules.users.repository.UserPreferenceRepository; If you want this repository to be a Redis repository, consider annotating your entities with one of these annotations: org.springframework.data.redis.core.RedisHash (preferred), or consider extending one of the following types with your repository: org.springframework.data.keyvalue.repository.KeyValueRepository
2025-08-06T14:55:32.299+05:30  INFO 20308 --- [           main] .s.d.r.c.RepositoryConfigurationDelegate : Finished Spring Data repository scanning in 57 ms. Found 0 Redis repository interfaces.
2025-08-06T14:55:33.319+05:30  INFO 20308 --- [           main] o.f.c.internal.license.VersionPrinter    : Flyway Community Edition 9.16.3 by Redgate
2025-08-06T14:55:33.319+05:30  INFO 20308 --- [           main] o.f.c.internal.license.VersionPrinter    : See release notes here: https://rd.gt/416ObMi
2025-08-06T14:55:33.319+05:30  INFO 20308 --- [           main] o.f.c.internal.license.VersionPrinter    : 
2025-08-06T14:55:33.334+05:30  INFO 20308 --- [           main] o.f.c.i.resource.ResourceNameValidator   : 1 SQL migrations were detected but not run because they did not follow the filename convention.
2025-08-06T14:55:33.334+05:30  INFO 20308 --- [           main] o.f.c.i.resource.ResourceNameValidator   : If this is in error, set 'validateMigrationNaming' to true to fail fast and see a list of the invalid file names.
2025-08-06T14:55:33.334+05:30  INFO 20308 --- [           main] com.zaxxer.hikari.HikariDataSource       : HikariPool-1 - Starting...
2025-08-06T14:55:38.350+05:30  INFO 20308 --- [           main] com.zaxxer.hikari.pool.HikariPool        : HikariPool-1 - Added connection com.mysql.cj.jdbc.ConnectionImpl@7e38e254
2025-08-06T14:55:38.365+05:30  INFO 20308 --- [           main] com.zaxxer.hikari.HikariDataSource       : HikariPool-1 - Start completed.
2025-08-06T14:55:38.885+05:30  INFO 20308 --- [           main] o.f.c.i.database.base.BaseDatabaseType   : Database: jdbc:mysql://maglev.proxy.rlwy.net:29805/project_management_db (MySQL 9.4)
2025-08-06T14:55:45.223+05:30  WARN 20308 --- [           main] o.f.c.internal.database.base.Database    : Flyway upgrade recommended: MySQL 9.4 is newer than this version of Flyway and support has not been tested. The latest supported version of MySQL is 8.0.
2025-08-06T14:55:51.165+05:30  INFO 20308 --- [           main] o.f.core.internal.command.DbValidate     : Successfully validated 8 migrations (execution time 00:05.623s)
2025-08-06T14:55:57.616+05:30  INFO 20308 --- [           main] o.f.core.internal.command.DbMigrate      : Current version of schema `project_management_db`: 8
2025-08-06T14:55:57.616+05:30  WARN 20308 --- [           main] o.f.core.internal.command.DbMigrate      : Schema `project_management_db` has a version (8) that is newer than the latest available migration (7) !
2025-08-06T14:55:57.616+05:30  WARN 20308 --- [           main] o.f.core.internal.command.DbMigrate      : Schema `project_management_db` contains a failed future migration to version 8 !
2025-08-06T14:55:58.949+05:30  INFO 20308 --- [           main] o.f.core.internal.command.DbMigrate      : Schema `project_management_db` is up to date. No migration necessary.
2025-08-06T14:56:02.981+05:30  INFO 20308 --- [           main] o.hibernate.jpa.internal.util.LogHelper  : HHH000204: Processing PersistenceUnitInfo [name: default]
2025-08-06T14:56:03.122+05:30  INFO 20308 --- [           main] org.hibernate.Version                    : HHH000412: Hibernate ORM core version 6.2.13.Final
2025-08-06T14:56:03.137+05:30  INFO 20308 --- [           main] org.hibernate.cfg.Environment            : HHH000406: Using bytecode reflection optimizer
2025-08-06T14:56:03.754+05:30  INFO 20308 --- [           main] o.s.o.j.p.SpringPersistenceUnitInfo      : No LoadTimeWeaver setup: ignoring JPA class transformer
2025-08-06T14:56:05.466+05:30  WARN 20308 --- [           main] org.hibernate.orm.deprecation            : HHH90000025: MySQL8Dialect does not need to be specified explicitly using 'hibernate.dialect' (remove the property setting and it will be selected by default)
2025-08-06T14:56:05.466+05:30  WARN 20308 --- [           main] org.hibernate.orm.deprecation            : HHH90000026: MySQL8Dialect has been deprecated; use org.hibernate.dialect.MySQLDialect instead
2025-08-06T14:56:07.772+05:30  INFO 20308 --- [           main] o.h.e.t.j.p.i.JtaPlatformInitiator       : HHH000489: No JTA platform available (set 'hibernate.transaction.jta.platform' to enable JTA platform integration)
2025-08-06T14:56:07.787+05:30  INFO 20308 --- [           main] j.LocalContainerEntityManagerFactoryBean : Initialized JPA EntityManagerFactory for persistence unit 'default'
2025-08-06T14:56:08.368+05:30  INFO 20308 --- [           main] o.s.d.j.r.query.QueryEnhancerFactory     : Hibernate is in classpath; If applicable, HQL parser will be used.
2025-08-06T14:56:11.102+05:30  WARN 20308 --- [           main] JpaBaseConfiguration$JpaWebConfiguration : spring.jpa.open-in-view is enabled by default. Therefore, database queries may be performed during view rendering. Explicitly configure spring.jpa.open-in-view to disable this warning
2025-08-06T14:56:11.384+05:30  INFO 20308 --- [           main] o.s.s.web.DefaultSecurityFilterChain     : Will secure any request with [org.springframework.security.web.session.DisableEncodeUrlFilter@42f5e9a6, org.springframework.security.web.context.request.async.WebAsyncManagerIntegrationFilter@1debc358, org.springframework.security.web.context.SecurityContextHolderFilter@4b47646a, org.springframework.security.web.header.HeaderWriterFilter@64f91f6f, org.springframework.web.filter.CorsFilter@2271265b, org.springframework.security.web.authentication.logout.LogoutFilter@7296a632, com.aipm.ai_project_management.modules.auth.security.JwtAuthenticationFilter@48d1f239, org.springframework.security.web.savedrequest.RequestCacheAwareFilter@6fdc624, org.springframework.security.web.servletapi.SecurityContextHolderAwareRequestFilter@57daa852, org.springframework.security.web.authentication.AnonymousAuthenticationFilter@47b5629d, org.springframework.security.web.session.SessionManagementFilter@2e205e62, org.springframework.security.web.access.ExceptionTranslationFilter@5897c246, org.springframework.security.web.access.intercept.AuthorizationFilter@49b6b53]
2025-08-06T14:56:11.886+05:30 DEBUG 20308 --- [           main] s.w.s.m.m.a.RequestMappingHandlerAdapter : ControllerAdvice beans: 0 @ModelAttribute, 0 @InitBinder, 1 RequestBodyAdvice, 1 ResponseBodyAdvice
2025-08-06T14:56:12.058+05:30 DEBUG 20308 --- [           main] s.w.s.m.m.a.RequestMappingHandlerMapping : 102 mappings in 'requestMappingHandlerMapping'
2025-08-06T14:56:12.090+05:30 DEBUG 20308 --- [           main] o.s.w.s.handler.SimpleUrlHandlerMapping  : Patterns [/webjars/**, /**, /swagger-ui*/*swagger-initializer.js, /swagger-ui*/**] in 'resourceHandlerMapping'
2025-08-06T14:56:12.105+05:30 DEBUG 20308 --- [           main] .m.m.a.ExceptionHandlerExceptionResolver : ControllerAdvice beans: 2 @ExceptionHandler, 1 ResponseBodyAdvice
2025-08-06T14:56:13.172+05:30  INFO 20308 --- [           main] o.s.b.a.e.web.EndpointLinksResolver      : Exposing 2 endpoint(s) beneath base path '/actuator'
2025-08-06T14:56:13.282+05:30  INFO 20308 --- [           main] rojectManagementSoftwareApplicationTests : Started AiProjectManagementSoftwareApplicationTests in 44.197 seconds (process running for 45.741)
]]></system-out>
  </testcase>
</testsuite>